<mule-configuration id="hello-server" version="1.0">

</mule-configuration>