<?xml version="1.0" encoding="UTF-8"?>
<beans
    xmlns="http://www.springframework.org/schema/beans"
    xmlns:xsi="http://www.w3.org/2001/XMLSchema-instance"
    xsi:schemaLocation="http://www.springframework.org/schema/beans http://www.springframework.org/schema/beans/spring-beans-2.0.xsd">

    <description>Test Spring Application Context</description>

   <bean id="TestObject1" class="org.mule.galaxy.spring.config.TestObject">
       <description>This is a test Spring bean</description>
       <property name="value" value="foo"/>
   </bean>

    <bean name="TestObject2" class="org.mule.galaxy.spring.config.TestObject">
       <description>This is another test Spring bean</description>
       <property name="value" value="bar"/>
   </bean>
</beans>